<?xml version="1.0" encoding="UTF-8"?>
<!-- Generated by org.testng.reporters.JUnitReportReporter -->
<testsuite hostname="Pawan" failures="0" tests="9" name="api.test.UserDDTests" time="20.089" errors="0" timestamp="2023-06-04T17:20:21 IST" skipped="0">
  <testcase classname="api.test.UserDDTests" name="testPostuser" time="6.538"/>
  <system-out/>
  <testcase classname="api.test.UserDDTests" name="testPostuser" time="1.980"/>
  <system-out/>
  <testcase classname="api.test.UserDDTests" name="testPostuser" time="1.635"/>
  <system-out/>
  <testcase classname="api.test.UserDDTests" name="testGetUserByName" time="1.756"/>
  <system-out/>
  <testcase classname="api.test.UserDDTests" name="testGetUserByName" time="1.641"/>
  <system-out/>
  <testcase classname="api.test.UserDDTests" name="testGetUserByName" time="1.876"/>
  <system-out/>
  <testcase classname="api.test.UserDDTests" name="testDeleteUserByName" time="1.636"/>
  <system-out/>
  <testcase classname="api.test.UserDDTests" name="testDeleteUserByName" time="1.492"/>
  <system-out/>
  <testcase classname="api.test.UserDDTests" name="testDeleteUserByName" time="1.535"/>
  <system-out/>
</testsuite> <!-- api.test.UserDDTests -->
