<?xml version="1.0" encoding="UTF-8"?>
<!-- Generated by org.testng.reporters.JUnitReportReporter -->
<testsuite hostname="Pawan" failures="0" tests="9" name="api.test.UserDDTests" time="12.440" errors="0" timestamp="2023-06-04T18:33:53 IST" skipped="0">
  <testcase classname="api.test.UserDDTests" name="testPostuser" time="3.134"/>
  <system-out/>
  <testcase classname="api.test.UserDDTests" name="testPostuser" time="1.018"/>
  <system-out/>
  <testcase classname="api.test.UserDDTests" name="testPostuser" time="1.022"/>
  <system-out/>
  <testcase classname="api.test.UserDDTests" name="testGetUserByName" time="1.103"/>
  <system-out/>
  <testcase classname="api.test.UserDDTests" name="testGetUserByName" time="2.062"/>
  <system-out/>
  <testcase classname="api.test.UserDDTests" name="testGetUserByName" time="1.019"/>
  <system-out/>
  <testcase classname="api.test.UserDDTests" name="testDeleteUserByName" time="1.079"/>
  <system-out/>
  <testcase classname="api.test.UserDDTests" name="testDeleteUserByName" time="1.004"/>
  <system-out/>
  <testcase classname="api.test.UserDDTests" name="testDeleteUserByName" time="0.999"/>
  <system-out/>
</testsuite> <!-- api.test.UserDDTests -->
